::1 - - [08/Nov/2018:14:02:25 +0000] "GET / HTTP/1.1" 200 - "-" "Mozilla/5.0 (Macintosh; Intel Mac OS X 10_13_6) AppleWebKit/537.36 (KHTML, like Gecko) Chrome/70.0.3538.77 Safari/537.36"
::1 - - [08/Nov/2018:14:02:25 +0000] "GET /_next/static/css/styles.chunk.css HTTP/1.1" 200 - "http://localhost:3001/" "Mozilla/5.0 (Macintosh; Intel Mac OS X 10_13_6) AppleWebKit/537.36 (KHTML, like Gecko) Chrome/70.0.3538.77 Safari/537.36"
::1 - - [08/Nov/2018:14:02:25 +0000] "GET /_next/static/style.css HTTP/1.1" 404 - "http://localhost:3001/" "Mozilla/5.0 (Macintosh; Intel Mac OS X 10_13_6) AppleWebKit/537.36 (KHTML, like Gecko) Chrome/70.0.3538.77 Safari/537.36"
::1 - - [08/Nov/2018:14:02:25 +0000] "GET /_next/static/development/pages/_app.js HTTP/1.1" 200 - "http://localhost:3001/" "Mozilla/5.0 (Macintosh; Intel Mac OS X 10_13_6) AppleWebKit/537.36 (KHTML, like Gecko) Chrome/70.0.3538.77 Safari/537.36"
::1 - - [08/Nov/2018:14:02:25 +0000] "GET /_next/static/runtime/webpack.js HTTP/1.1" 200 - "http://localhost:3001/" "Mozilla/5.0 (Macintosh; Intel Mac OS X 10_13_6) AppleWebKit/537.36 (KHTML, like Gecko) Chrome/70.0.3538.77 Safari/537.36"
::1 - - [08/Nov/2018:14:02:25 +0000] "GET /_next/static/development/pages/_error.js HTTP/1.1" 200 - "http://localhost:3001/" "Mozilla/5.0 (Macintosh; Intel Mac OS X 10_13_6) AppleWebKit/537.36 (KHTML, like Gecko) Chrome/70.0.3538.77 Safari/537.36"
::1 - - [08/Nov/2018:14:02:25 +0000] "GET /_next/static/chunks/styles.js HTTP/1.1" 200 - "http://localhost:3001/" "Mozilla/5.0 (Macintosh; Intel Mac OS X 10_13_6) AppleWebKit/537.36 (KHTML, like Gecko) Chrome/70.0.3538.77 Safari/537.36"
::1 - - [08/Nov/2018:14:02:25 +0000] "GET /_next/static/runtime/main.js HTTP/1.1" 200 - "http://localhost:3001/" "Mozilla/5.0 (Macintosh; Intel Mac OS X 10_13_6) AppleWebKit/537.36 (KHTML, like Gecko) Chrome/70.0.3538.77 Safari/537.36"
::1 - - [08/Nov/2018:14:02:25 +0000] "GET /static/images/logo.png HTTP/1.1" 304 - "http://localhost:3001/" "Mozilla/5.0 (Macintosh; Intel Mac OS X 10_13_6) AppleWebKit/537.36 (KHTML, like Gecko) Chrome/70.0.3538.77 Safari/537.36"
::1 - - [08/Nov/2018:14:02:25 +0000] "GET /_next/static/development/dll/dll_67211bc3619cb7902ee2.js HTTP/1.1" 200 - "http://localhost:3001/" "Mozilla/5.0 (Macintosh; Intel Mac OS X 10_13_6) AppleWebKit/537.36 (KHTML, like Gecko) Chrome/70.0.3538.77 Safari/537.36"
::1 - - [08/Nov/2018:14:02:25 +0000] "GET /static/images/banner-img.png HTTP/1.1" 304 - "http://localhost:3001/" "Mozilla/5.0 (Macintosh; Intel Mac OS X 10_13_6) AppleWebKit/537.36 (KHTML, like Gecko) Chrome/70.0.3538.77 Safari/537.36"
::1 - - [08/Nov/2018:14:02:25 +0000] "GET /_next/static/chunks/0.js HTTP/1.1" 200 424 "http://localhost:3001/" "Mozilla/5.0 (Macintosh; Intel Mac OS X 10_13_6) AppleWebKit/537.36 (KHTML, like Gecko) Chrome/70.0.3538.77 Safari/537.36"
::1 - - [08/Nov/2018:14:02:26 +0000] "GET /_next/static/development/pages/index.js HTTP/1.1" 200 - "http://localhost:3001/" "Mozilla/5.0 (Macintosh; Intel Mac OS X 10_13_6) AppleWebKit/537.36 (KHTML, like Gecko) Chrome/70.0.3538.77 Safari/537.36"
::1 - - [08/Nov/2018:14:03:29 +0000] "GET /_next/static/webpack/42a42f22ccb93d86f0bb.hot-update.json HTTP/1.1" 200 91 "http://localhost:3001/" "Mozilla/5.0 (Macintosh; Intel Mac OS X 10_13_6) AppleWebKit/537.36 (KHTML, like Gecko) Chrome/70.0.3538.77 Safari/537.36"
::1 - - [08/Nov/2018:14:03:29 +0000] "GET /_next/static/webpack/e3e089b88a67c13f077e.hot-update.json HTTP/1.1" 200 35 "http://localhost:3001/" "Mozilla/5.0 (Macintosh; Intel Mac OS X 10_13_6) AppleWebKit/537.36 (KHTML, like Gecko) Chrome/70.0.3538.77 Safari/537.36"
::1 - - [08/Nov/2018:14:03:29 +0000] "GET /_next/static/development/pages/index.js HTTP/1.1" 200 - "http://localhost:3001/" "Mozilla/5.0 (Macintosh; Intel Mac OS X 10_13_6) AppleWebKit/537.36 (KHTML, like Gecko) Chrome/70.0.3538.77 Safari/537.36"
::1 - - [08/Nov/2018:14:03:37 +0000] "GET /_next/on-demand-entries-ping?page=/ HTTP/1.1" 200 - "http://localhost:3001/" "Mozilla/5.0 (Macintosh; Intel Mac OS X 10_13_6) AppleWebKit/537.36 (KHTML, like Gecko) Chrome/70.0.3538.77 Safari/537.36"
::1 - - [08/Nov/2018:14:03:43 +0000] "GET /_next/on-demand-entries-ping?page=/ HTTP/1.1" 200 - "http://localhost:3001/" "Mozilla/5.0 (Macintosh; Intel Mac OS X 10_13_6) AppleWebKit/537.36 (KHTML, like Gecko) Chrome/70.0.3538.77 Safari/537.36"
::1 - - [08/Nov/2018:14:03:48 +0000] "GET /list HTTP/1.1" - - "-" "Mozilla/5.0 (Macintosh; Intel Mac OS X 10_13_6) AppleWebKit/537.36 (KHTML, like Gecko) Chrome/70.0.3538.77 Safari/537.36"
::1 - - [08/Nov/2018:14:03:48 +0000] "GET /_next/on-demand-entries-ping?page=/ HTTP/1.1" 200 - "http://localhost:3001/" "Mozilla/5.0 (Macintosh; Intel Mac OS X 10_13_6) AppleWebKit/537.36 (KHTML, like Gecko) Chrome/70.0.3538.77 Safari/537.36"
::1 - - [08/Nov/2018:14:03:48 +0000] "GET /_next/static/webpack/60a1df0bca7d6e013f5a.hot-update.json HTTP/1.1" 200 48 "http://localhost:3001/" "Mozilla/5.0 (Macintosh; Intel Mac OS X 10_13_6) AppleWebKit/537.36 (KHTML, like Gecko) Chrome/70.0.3538.77 Safari/537.36"
::1 - - [08/Nov/2018:14:03:48 +0000] "GET /_next/webpack-hmr HTTP/1.1" 200 - "http://localhost:3001/" "Mozilla/5.0 (Macintosh; Intel Mac OS X 10_13_6) AppleWebKit/537.36 (KHTML, like Gecko) Chrome/70.0.3538.77 Safari/537.36"
::1 - - [08/Nov/2018:14:03:48 +0000] "GET /_next/static/runtime/webpack.js HTTP/1.1" 200 - "http://localhost:3001/list" "Mozilla/5.0 (Macintosh; Intel Mac OS X 10_13_6) AppleWebKit/537.36 (KHTML, like Gecko) Chrome/70.0.3538.77 Safari/537.36"
::1 - - [08/Nov/2018:14:03:48 +0000] "GET /_next/static/css/styles.chunk.css HTTP/1.1" 200 - "http://localhost:3001/list" "Mozilla/5.0 (Macintosh; Intel Mac OS X 10_13_6) AppleWebKit/537.36 (KHTML, like Gecko) Chrome/70.0.3538.77 Safari/537.36"
::1 - - [08/Nov/2018:14:03:48 +0000] "GET /static/libwebpjs.out.js HTTP/1.1" 304 - "http://localhost:3001/list" "Mozilla/5.0 (Macintosh; Intel Mac OS X 10_13_6) AppleWebKit/537.36 (KHTML, like Gecko) Chrome/70.0.3538.77 Safari/537.36"
::1 - - [08/Nov/2018:14:03:48 +0000] "GET /_next/static/style.css HTTP/1.1" 404 - "http://localhost:3001/list" "Mozilla/5.0 (Macintosh; Intel Mac OS X 10_13_6) AppleWebKit/537.36 (KHTML, like Gecko) Chrome/70.0.3538.77 Safari/537.36"
::1 - - [08/Nov/2018:14:03:48 +0000] "GET /_next/static/development/pages/_error.js HTTP/1.1" 200 - "http://localhost:3001/list" "Mozilla/5.0 (Macintosh; Intel Mac OS X 10_13_6) AppleWebKit/537.36 (KHTML, like Gecko) Chrome/70.0.3538.77 Safari/537.36"
::1 - - [08/Nov/2018:14:03:48 +0000] "GET /_next/static/chunks/styles.js HTTP/1.1" 200 - "http://localhost:3001/list" "Mozilla/5.0 (Macintosh; Intel Mac OS X 10_13_6) AppleWebKit/537.36 (KHTML, like Gecko) Chrome/70.0.3538.77 Safari/537.36"
::1 - - [08/Nov/2018:14:03:48 +0000] "GET /list HTTP/1.1" 200 - "-" "Mozilla/5.0 (Macintosh; Intel Mac OS X 10_13_6) AppleWebKit/537.36 (KHTML, like Gecko) Chrome/70.0.3538.77 Safari/537.36"
::1 - - [08/Nov/2018:14:03:48 +0000] "GET /_next/static/development/pages/_app.js HTTP/1.1" 200 - "http://localhost:3001/list" "Mozilla/5.0 (Macintosh; Intel Mac OS X 10_13_6) AppleWebKit/537.36 (KHTML, like Gecko) Chrome/70.0.3538.77 Safari/537.36"
::1 - - [08/Nov/2018:14:03:48 +0000] "GET /_next/static/style.css HTTP/1.1" 404 - "http://localhost:3001/list" "Mozilla/5.0 (Macintosh; Intel Mac OS X 10_13_6) AppleWebKit/537.36 (KHTML, like Gecko) Chrome/70.0.3538.77 Safari/537.36"
::1 - - [08/Nov/2018:14:03:48 +0000] "GET /_next/static/runtime/main.js HTTP/1.1" 200 - "http://localhost:3001/list" "Mozilla/5.0 (Macintosh; Intel Mac OS X 10_13_6) AppleWebKit/537.36 (KHTML, like Gecko) Chrome/70.0.3538.77 Safari/537.36"
::1 - - [08/Nov/2018:14:03:48 +0000] "GET /_next/static/development/dll/dll_67211bc3619cb7902ee2.js HTTP/1.1" 200 - "http://localhost:3001/list" "Mozilla/5.0 (Macintosh; Intel Mac OS X 10_13_6) AppleWebKit/537.36 (KHTML, like Gecko) Chrome/70.0.3538.77 Safari/537.36"
::1 - - [08/Nov/2018:14:03:49 +0000] "GET /_next/static/chunks/0.js HTTP/1.1" 200 424 "http://localhost:3001/list" "Mozilla/5.0 (Macintosh; Intel Mac OS X 10_13_6) AppleWebKit/537.36 (KHTML, like Gecko) Chrome/70.0.3538.77 Safari/537.36"
::1 - - [08/Nov/2018:14:03:49 +0000] "GET /_next/static/development/pages/list.js HTTP/1.1" 200 - "http://localhost:3001/list" "Mozilla/5.0 (Macintosh; Intel Mac OS X 10_13_6) AppleWebKit/537.36 (KHTML, like Gecko) Chrome/70.0.3538.77 Safari/537.36"
::1 - - [08/Nov/2018:14:03:50 +0000] "GET /static/imageStore/stickers/49e929c1-7147-43a3-8e4f-d217528657cf/39d33cb6-703a-4643-b2cc-862a6487d2da.webp HTTP/1.1" 304 - "http://localhost:3001/list" "Mozilla/5.0 (Macintosh; Intel Mac OS X 10_13_6) AppleWebKit/537.36 (KHTML, like Gecko) Chrome/70.0.3538.77 Safari/537.36"
::1 - - [08/Nov/2018:14:03:50 +0000] "GET /static/imageStore/stickers/49e929c1-7147-43a3-8e4f-d217528657cf/243f105d-28d1-4992-8eff-e52e9ba08700.webp HTTP/1.1" 304 - "http://localhost:3001/list" "Mozilla/5.0 (Macintosh; Intel Mac OS X 10_13_6) AppleWebKit/537.36 (KHTML, like Gecko) Chrome/70.0.3538.77 Safari/537.36"
::1 - - [08/Nov/2018:14:03:50 +0000] "GET /static/imageStore/stickers/49e929c1-7147-43a3-8e4f-d217528657cf/b7a268e2-28c9-453d-ba75-049df9a90e84.webp HTTP/1.1" 304 - "http://localhost:3001/list" "Mozilla/5.0 (Macintosh; Intel Mac OS X 10_13_6) AppleWebKit/537.36 (KHTML, like Gecko) Chrome/70.0.3538.77 Safari/537.36"
::1 - - [08/Nov/2018:14:03:50 +0000] "GET /static/imageStore/stickers/7431efd9-04eb-4d63-9c11-1743a98a0188/d48b285f-0b22-4be3-8ef0-569b8c6d366c.webp HTTP/1.1" 304 - "http://localhost:3001/list" "Mozilla/5.0 (Macintosh; Intel Mac OS X 10_13_6) AppleWebKit/537.36 (KHTML, like Gecko) Chrome/70.0.3538.77 Safari/537.36"
::1 - - [08/Nov/2018:14:03:50 +0000] "GET /static/imageStore/stickers/7431efd9-04eb-4d63-9c11-1743a98a0188/7f583575-f4df-472f-9512-297ee6159535.webp HTTP/1.1" 304 - "http://localhost:3001/list" "Mozilla/5.0 (Macintosh; Intel Mac OS X 10_13_6) AppleWebKit/537.36 (KHTML, like Gecko) Chrome/70.0.3538.77 Safari/537.36"
::1 - - [08/Nov/2018:14:03:50 +0000] "GET /static/imageStore/stickers/7431efd9-04eb-4d63-9c11-1743a98a0188/9cf98752-64db-44cd-8133-4ec3db8d5585.webp HTTP/1.1" 304 - "http://localhost:3001/list" "Mozilla/5.0 (Macintosh; Intel Mac OS X 10_13_6) AppleWebKit/537.36 (KHTML, like Gecko) Chrome/70.0.3538.77 Safari/537.36"
::1 - - [08/Nov/2018:14:03:50 +0000] "GET /static/imageStore/stickers/464405f1-894a-46e8-b107-bbeb8e31620a/9a515c29-f4a0-484b-84d3-e576347cce1d.webp HTTP/1.1" 304 - "http://localhost:3001/list" "Mozilla/5.0 (Macintosh; Intel Mac OS X 10_13_6) AppleWebKit/537.36 (KHTML, like Gecko) Chrome/70.0.3538.77 Safari/537.36"
::1 - - [08/Nov/2018:14:03:50 +0000] "GET /static/imageStore/stickers/464405f1-894a-46e8-b107-bbeb8e31620a/9065e6ca-1355-497f-a683-3ce7d4b3342a.webp HTTP/1.1" 304 - "http://localhost:3001/list" "Mozilla/5.0 (Macintosh; Intel Mac OS X 10_13_6) AppleWebKit/537.36 (KHTML, like Gecko) Chrome/70.0.3538.77 Safari/537.36"
::1 - - [08/Nov/2018:14:03:50 +0000] "GET /static/imageStore/stickers/464405f1-894a-46e8-b107-bbeb8e31620a/4d733572-b5d3-4b14-ad35-f152bd003abc.webp HTTP/1.1" 304 - "http://localhost:3001/list" "Mozilla/5.0 (Macintosh; Intel Mac OS X 10_13_6) AppleWebKit/537.36 (KHTML, like Gecko) Chrome/70.0.3538.77 Safari/537.36"
::1 - - [08/Nov/2018:14:03:50 +0000] "GET /static/imageStore/stickers/efe8350e-e396-41b3-91bb-c0db52d24d20/23e24e05-e203-40c5-932f-4047ad6dc5f0.webp HTTP/1.1" 304 - "http://localhost:3001/list" "Mozilla/5.0 (Macintosh; Intel Mac OS X 10_13_6) AppleWebKit/537.36 (KHTML, like Gecko) Chrome/70.0.3538.77 Safari/537.36"
::1 - - [08/Nov/2018:14:03:50 +0000] "GET /static/imageStore/stickers/efe8350e-e396-41b3-91bb-c0db52d24d20/8e5307b8-4c72-4f05-8a57-e84f2085dec8.webp HTTP/1.1" 304 - "http://localhost:3001/list" "Mozilla/5.0 (Macintosh; Intel Mac OS X 10_13_6) AppleWebKit/537.36 (KHTML, like Gecko) Chrome/70.0.3538.77 Safari/537.36"
::1 - - [08/Nov/2018:14:03:50 +0000] "GET /static/imageStore/stickers/efe8350e-e396-41b3-91bb-c0db52d24d20/d8bdfc96-9560-4968-bb3f-829c7d25d193.webp HTTP/1.1" 304 - "http://localhost:3001/list" "Mozilla/5.0 (Macintosh; Intel Mac OS X 10_13_6) AppleWebKit/537.36 (KHTML, like Gecko) Chrome/70.0.3538.77 Safari/537.36"
::1 - - [08/Nov/2018:14:03:52 +0000] "GET /_next/webpack-hmr HTTP/1.1" 200 - "http://localhost:3001/list" "Mozilla/5.0 (Macintosh; Intel Mac OS X 10_13_6) AppleWebKit/537.36 (KHTML, like Gecko) Chrome/70.0.3538.77 Safari/537.36"
::1 - - [08/Nov/2018:14:03:52 +0000] "GET /_next/static/runtime/webpack.js HTTP/1.1" 200 - "http://localhost:3001/list" "Mozilla/5.0 (Macintosh; Intel Mac OS X 10_13_6) AppleWebKit/537.36 (KHTML, like Gecko) Chrome/70.0.3538.77 Safari/537.36"
::1 - - [08/Nov/2018:14:03:52 +0000] "GET /_next/static/chunks/styles.js HTTP/1.1" 200 - "http://localhost:3001/list" "Mozilla/5.0 (Macintosh; Intel Mac OS X 10_13_6) AppleWebKit/537.36 (KHTML, like Gecko) Chrome/70.0.3538.77 Safari/537.36"
::1 - - [08/Nov/2018:14:03:52 +0000] "GET /_next/static/css/styles.chunk.css HTTP/1.1" 304 - "http://localhost:3001/list" "Mozilla/5.0 (Macintosh; Intel Mac OS X 10_13_6) AppleWebKit/537.36 (KHTML, like Gecko) Chrome/70.0.3538.77 Safari/537.36"
::1 - - [08/Nov/2018:14:03:52 +0000] "GET /_next/static/style.css HTTP/1.1" 404 - "http://localhost:3001/list" "Mozilla/5.0 (Macintosh; Intel Mac OS X 10_13_6) AppleWebKit/537.36 (KHTML, like Gecko) Chrome/70.0.3538.77 Safari/537.36"
::1 - - [08/Nov/2018:14:03:52 +0000] "GET /_next/static/development/pages/_error.js HTTP/1.1" 200 - "http://localhost:3001/list" "Mozilla/5.0 (Macintosh; Intel Mac OS X 10_13_6) AppleWebKit/537.36 (KHTML, like Gecko) Chrome/70.0.3538.77 Safari/537.36"
::1 - - [08/Nov/2018:14:03:52 +0000] "GET /static/libwebpjs.out.js HTTP/1.1" 304 - "http://localhost:3001/list" "Mozilla/5.0 (Macintosh; Intel Mac OS X 10_13_6) AppleWebKit/537.36 (KHTML, like Gecko) Chrome/70.0.3538.77 Safari/537.36"
::1 - - [08/Nov/2018:14:03:52 +0000] "GET /_next/static/development/pages/_app.js HTTP/1.1" 200 - "http://localhost:3001/list" "Mozilla/5.0 (Macintosh; Intel Mac OS X 10_13_6) AppleWebKit/537.36 (KHTML, like Gecko) Chrome/70.0.3538.77 Safari/537.36"
::1 - - [08/Nov/2018:14:03:52 +0000] "GET /list HTTP/1.1" 200 - "-" "Mozilla/5.0 (Macintosh; Intel Mac OS X 10_13_6) AppleWebKit/537.36 (KHTML, like Gecko) Chrome/70.0.3538.77 Safari/537.36"
::1 - - [08/Nov/2018:14:03:52 +0000] "GET /_next/static/runtime/main.js HTTP/1.1" 200 - "http://localhost:3001/list" "Mozilla/5.0 (Macintosh; Intel Mac OS X 10_13_6) AppleWebKit/537.36 (KHTML, like Gecko) Chrome/70.0.3538.77 Safari/537.36"
::1 - - [08/Nov/2018:14:03:52 +0000] "GET /_next/static/development/dll/dll_67211bc3619cb7902ee2.js HTTP/1.1" 200 - "http://localhost:3001/list" "Mozilla/5.0 (Macintosh; Intel Mac OS X 10_13_6) AppleWebKit/537.36 (KHTML, like Gecko) Chrome/70.0.3538.77 Safari/537.36"
::1 - - [08/Nov/2018:14:03:52 +0000] "GET /_next/static/style.css HTTP/1.1" 404 - "http://localhost:3001/list" "Mozilla/5.0 (Macintosh; Intel Mac OS X 10_13_6) AppleWebKit/537.36 (KHTML, like Gecko) Chrome/70.0.3538.77 Safari/537.36"
::1 - - [08/Nov/2018:14:03:53 +0000] "GET /_next/static/chunks/0.js HTTP/1.1" 200 424 "http://localhost:3001/list" "Mozilla/5.0 (Macintosh; Intel Mac OS X 10_13_6) AppleWebKit/537.36 (KHTML, like Gecko) Chrome/70.0.3538.77 Safari/537.36"
::1 - - [08/Nov/2018:14:03:53 +0000] "GET /_next/static/development/pages/list.js HTTP/1.1" 200 - "http://localhost:3001/list" "Mozilla/5.0 (Macintosh; Intel Mac OS X 10_13_6) AppleWebKit/537.36 (KHTML, like Gecko) Chrome/70.0.3538.77 Safari/537.36"
::1 - - [08/Nov/2018:14:03:54 +0000] "GET /static/imageStore/stickers/49e929c1-7147-43a3-8e4f-d217528657cf/39d33cb6-703a-4643-b2cc-862a6487d2da.webp HTTP/1.1" 304 - "http://localhost:3001/list" "Mozilla/5.0 (Macintosh; Intel Mac OS X 10_13_6) AppleWebKit/537.36 (KHTML, like Gecko) Chrome/70.0.3538.77 Safari/537.36"
::1 - - [08/Nov/2018:14:03:54 +0000] "GET /static/imageStore/stickers/49e929c1-7147-43a3-8e4f-d217528657cf/243f105d-28d1-4992-8eff-e52e9ba08700.webp HTTP/1.1" 304 - "http://localhost:3001/list" "Mozilla/5.0 (Macintosh; Intel Mac OS X 10_13_6) AppleWebKit/537.36 (KHTML, like Gecko) Chrome/70.0.3538.77 Safari/537.36"
::1 - - [08/Nov/2018:14:03:54 +0000] "GET /static/imageStore/stickers/49e929c1-7147-43a3-8e4f-d217528657cf/b7a268e2-28c9-453d-ba75-049df9a90e84.webp HTTP/1.1" 304 - "http://localhost:3001/list" "Mozilla/5.0 (Macintosh; Intel Mac OS X 10_13_6) AppleWebKit/537.36 (KHTML, like Gecko) Chrome/70.0.3538.77 Safari/537.36"
::1 - - [08/Nov/2018:14:03:54 +0000] "GET /static/imageStore/stickers/7431efd9-04eb-4d63-9c11-1743a98a0188/d48b285f-0b22-4be3-8ef0-569b8c6d366c.webp HTTP/1.1" 304 - "http://localhost:3001/list" "Mozilla/5.0 (Macintosh; Intel Mac OS X 10_13_6) AppleWebKit/537.36 (KHTML, like Gecko) Chrome/70.0.3538.77 Safari/537.36"
::1 - - [08/Nov/2018:14:03:54 +0000] "GET /static/imageStore/stickers/7431efd9-04eb-4d63-9c11-1743a98a0188/7f583575-f4df-472f-9512-297ee6159535.webp HTTP/1.1" 304 - "http://localhost:3001/list" "Mozilla/5.0 (Macintosh; Intel Mac OS X 10_13_6) AppleWebKit/537.36 (KHTML, like Gecko) Chrome/70.0.3538.77 Safari/537.36"
::1 - - [08/Nov/2018:14:03:54 +0000] "GET /static/imageStore/stickers/7431efd9-04eb-4d63-9c11-1743a98a0188/9cf98752-64db-44cd-8133-4ec3db8d5585.webp HTTP/1.1" 304 - "http://localhost:3001/list" "Mozilla/5.0 (Macintosh; Intel Mac OS X 10_13_6) AppleWebKit/537.36 (KHTML, like Gecko) Chrome/70.0.3538.77 Safari/537.36"
::1 - - [08/Nov/2018:14:03:54 +0000] "GET /static/imageStore/stickers/464405f1-894a-46e8-b107-bbeb8e31620a/9a515c29-f4a0-484b-84d3-e576347cce1d.webp HTTP/1.1" 304 - "http://localhost:3001/list" "Mozilla/5.0 (Macintosh; Intel Mac OS X 10_13_6) AppleWebKit/537.36 (KHTML, like Gecko) Chrome/70.0.3538.77 Safari/537.36"
::1 - - [08/Nov/2018:14:03:54 +0000] "GET /static/imageStore/stickers/464405f1-894a-46e8-b107-bbeb8e31620a/9065e6ca-1355-497f-a683-3ce7d4b3342a.webp HTTP/1.1" 304 - "http://localhost:3001/list" "Mozilla/5.0 (Macintosh; Intel Mac OS X 10_13_6) AppleWebKit/537.36 (KHTML, like Gecko) Chrome/70.0.3538.77 Safari/537.36"
::1 - - [08/Nov/2018:14:03:54 +0000] "GET /static/imageStore/stickers/464405f1-894a-46e8-b107-bbeb8e31620a/4d733572-b5d3-4b14-ad35-f152bd003abc.webp HTTP/1.1" 304 - "http://localhost:3001/list" "Mozilla/5.0 (Macintosh; Intel Mac OS X 10_13_6) AppleWebKit/537.36 (KHTML, like Gecko) Chrome/70.0.3538.77 Safari/537.36"
::1 - - [08/Nov/2018:14:03:54 +0000] "GET /static/imageStore/stickers/efe8350e-e396-41b3-91bb-c0db52d24d20/d8bdfc96-9560-4968-bb3f-829c7d25d193.webp HTTP/1.1" 304 - "http://localhost:3001/list" "Mozilla/5.0 (Macintosh; Intel Mac OS X 10_13_6) AppleWebKit/537.36 (KHTML, like Gecko) Chrome/70.0.3538.77 Safari/537.36"
::1 - - [08/Nov/2018:14:03:54 +0000] "GET /static/imageStore/stickers/efe8350e-e396-41b3-91bb-c0db52d24d20/8e5307b8-4c72-4f05-8a57-e84f2085dec8.webp HTTP/1.1" 304 - "http://localhost:3001/list" "Mozilla/5.0 (Macintosh; Intel Mac OS X 10_13_6) AppleWebKit/537.36 (KHTML, like Gecko) Chrome/70.0.3538.77 Safari/537.36"
::1 - - [08/Nov/2018:14:03:54 +0000] "GET /static/imageStore/stickers/efe8350e-e396-41b3-91bb-c0db52d24d20/23e24e05-e203-40c5-932f-4047ad6dc5f0.webp HTTP/1.1" 304 - "http://localhost:3001/list" "Mozilla/5.0 (Macintosh; Intel Mac OS X 10_13_6) AppleWebKit/537.36 (KHTML, like Gecko) Chrome/70.0.3538.77 Safari/537.36"
::1 - - [08/Nov/2018:14:04:04 +0000] "GET /_next/on-demand-entries-ping?page=/list HTTP/1.1" 200 - "http://localhost:3001/list" "Mozilla/5.0 (Macintosh; Intel Mac OS X 10_13_6) AppleWebKit/537.36 (KHTML, like Gecko) Chrome/70.0.3538.77 Safari/537.36"
::1 - - [08/Nov/2018:14:04:09 +0000] "GET /_next/on-demand-entries-ping?page=/list HTTP/1.1" 200 - "http://localhost:3001/list" "Mozilla/5.0 (Macintosh; Intel Mac OS X 10_13_6) AppleWebKit/537.36 (KHTML, like Gecko) Chrome/70.0.3538.77 Safari/537.36"
::1 - - [08/Nov/2018:14:04:14 +0000] "GET /_next/on-demand-entries-ping?page=/list HTTP/1.1" 200 - "http://localhost:3001/list" "Mozilla/5.0 (Macintosh; Intel Mac OS X 10_13_6) AppleWebKit/537.36 (KHTML, like Gecko) Chrome/70.0.3538.77 Safari/537.36"
::1 - - [08/Nov/2018:14:04:19 +0000] "GET /_next/on-demand-entries-ping?page=/list HTTP/1.1" 200 - "http://localhost:3001/list" "Mozilla/5.0 (Macintosh; Intel Mac OS X 10_13_6) AppleWebKit/537.36 (KHTML, like Gecko) Chrome/70.0.3538.77 Safari/537.36"
::1 - - [08/Nov/2018:14:04:24 +0000] "GET /_next/on-demand-entries-ping?page=/list HTTP/1.1" 200 - "http://localhost:3001/list" "Mozilla/5.0 (Macintosh; Intel Mac OS X 10_13_6) AppleWebKit/537.36 (KHTML, like Gecko) Chrome/70.0.3538.77 Safari/537.36"
::1 - - [08/Nov/2018:14:04:29 +0000] "GET /_next/on-demand-entries-ping?page=/list HTTP/1.1" 200 - "http://localhost:3001/list" "Mozilla/5.0 (Macintosh; Intel Mac OS X 10_13_6) AppleWebKit/537.36 (KHTML, like Gecko) Chrome/70.0.3538.77 Safari/537.36"
::1 - - [08/Nov/2018:14:04:34 +0000] "GET /_next/on-demand-entries-ping?page=/list HTTP/1.1" 200 - "http://localhost:3001/list" "Mozilla/5.0 (Macintosh; Intel Mac OS X 10_13_6) AppleWebKit/537.36 (KHTML, like Gecko) Chrome/70.0.3538.77 Safari/537.36"
::1 - - [08/Nov/2018:14:04:39 +0000] "GET /_next/on-demand-entries-ping?page=/list HTTP/1.1" 200 - "http://localhost:3001/list" "Mozilla/5.0 (Macintosh; Intel Mac OS X 10_13_6) AppleWebKit/537.36 (KHTML, like Gecko) Chrome/70.0.3538.77 Safari/537.36"
::1 - - [08/Nov/2018:14:04:44 +0000] "GET /_next/on-demand-entries-ping?page=/list HTTP/1.1" 200 - "http://localhost:3001/list" "Mozilla/5.0 (Macintosh; Intel Mac OS X 10_13_6) AppleWebKit/537.36 (KHTML, like Gecko) Chrome/70.0.3538.77 Safari/537.36"
::1 - - [08/Nov/2018:14:04:49 +0000] "GET /_next/on-demand-entries-ping?page=/list HTTP/1.1" 200 - "http://localhost:3001/list" "Mozilla/5.0 (Macintosh; Intel Mac OS X 10_13_6) AppleWebKit/537.36 (KHTML, like Gecko) Chrome/70.0.3538.77 Safari/537.36"
::1 - - [08/Nov/2018:14:04:54 +0000] "GET /_next/on-demand-entries-ping?page=/list HTTP/1.1" 200 - "http://localhost:3001/list" "Mozilla/5.0 (Macintosh; Intel Mac OS X 10_13_6) AppleWebKit/537.36 (KHTML, like Gecko) Chrome/70.0.3538.77 Safari/537.36"
::1 - - [08/Nov/2018:14:04:59 +0000] "GET /_next/on-demand-entries-ping?page=/list HTTP/1.1" 200 - "http://localhost:3001/list" "Mozilla/5.0 (Macintosh; Intel Mac OS X 10_13_6) AppleWebKit/537.36 (KHTML, like Gecko) Chrome/70.0.3538.77 Safari/537.36"
